c:\users\zamar\source\repos\csgo\csgo\debug\vc141.pdb
c:\users\zamar\source\repos\csgo\csgo\debug\vc141.idb
c:\users\zamar\source\repos\csgo\csgo\debug\writecommand.obj
c:\users\zamar\source\repos\csgo\csgo\debug\seeenemies.obj
c:\users\zamar\source\repos\csgo\csgo\debug\readcommand.obj
c:\users\zamar\source\repos\csgo\csgo\debug\player.obj
c:\users\zamar\source\repos\csgo\csgo\debug\offsets.obj
c:\users\zamar\source\repos\csgo\csgo\debug\mymemorymanager.obj
c:\users\zamar\source\repos\csgo\csgo\debug\readenemies.obj
c:\users\zamar\source\repos\csgo\csgo\debug\command.obj
c:\users\zamar\source\repos\csgo\csgo\debug\caller.obj
c:\users\zamar\source\repos\csgo\csgo\debug\main.obj
c:\users\zamar\source\repos\csgo\csgo\debug\readlocalplayer.obj
c:\users\zamar\source\repos\csgo\debug\csgo.ilk
c:\users\zamar\source\repos\csgo\debug\csgo.exe
c:\users\zamar\source\repos\csgo\debug\csgo.pdb
c:\users\zamar\source\repos\csgo\csgo\debug\csgo.tlog\cl.command.1.tlog
c:\users\zamar\source\repos\csgo\csgo\debug\csgo.tlog\cl.read.1.tlog
c:\users\zamar\source\repos\csgo\csgo\debug\csgo.tlog\cl.write.1.tlog
c:\users\zamar\source\repos\csgo\csgo\debug\csgo.tlog\link.command.1.tlog
c:\users\zamar\source\repos\csgo\csgo\debug\csgo.tlog\link.read.1.tlog
c:\users\zamar\source\repos\csgo\csgo\debug\csgo.tlog\link.write.1.tlog
